Name                                  Stmts   Miss  Cover   Missing
-------------------------------------------------------------------
apply_schema.py                          37      8    78%   7-10, 69, 74-76
apply_schema_aws.py                      42     42     0%   1-83
callbacks\db.py                          41      1    98%   36
callbacks\logging.py                     27      0   100%
check_stripe.py                          11     11     0%   1-12
scripts\stripe_usage_reporter.py         19      2    89%   27, 49
tests\test_apply_schema.py               43      0   100%
tests\test_callbacks_db.py               94      0   100%
tests\test_callbacks_logging.py          42      0   100%
tests\test_stripe_usage_reporter.py      30      0   100%
-------------------------------------------------------------------
TOTAL                                   386     64    83%
